d:\projekty\khg-d3d10drv\d3d10drv\khg debug\vc142.pdb
d:\projekty\khg-d3d10drv\d3d10drv\khg debug\misc.obj
d:\projekty\khg-d3d10drv\d3d10drv\khg debug\shader_unreal.obj
d:\projekty\khg-d3d10drv\d3d10drv\khg debug\d3d.obj
d:\projekty\khg-d3d10drv\d3d10drv\khg debug\shader_tile.obj
d:\projekty\khg-d3d10drv\d3d10drv\khg debug\shader_postprocess.obj
d:\projekty\khg-d3d10drv\d3d10drv\khg debug\shader_hdr.obj
d:\projekty\khg-d3d10drv\d3d10drv\khg debug\shader_gouraudpolygon.obj
d:\projekty\khg-d3d10drv\d3d10drv\khg debug\shader_fogsurface.obj
d:\projekty\khg-d3d10drv\d3d10drv\khg debug\shader_firstpass.obj
d:\projekty\khg-d3d10drv\d3d10drv\khg debug\shader_finalpass.obj
d:\projekty\khg-d3d10drv\d3d10drv\khg debug\shader_complexsurface.obj
d:\projekty\khg-d3d10drv\d3d10drv\khg debug\shader.obj
d:\projekty\khg-d3d10drv\d3d10drv\khg debug\texturecache.obj
d:\projekty\khg-d3d10drv\d3d10drv\khg debug\texconverter.obj
d:\projekty\khg-d3d10drv\d3d10drv\khg debug\shader_dummy.obj
d:\projekty\khg-d3d10drv\d3d10drv\khg debug\geometrybuffer.obj
d:\projekty\khg-d3d10drv\d3d10drv\khg debug\dynamicgeometrybuffer.obj
d:\microprose\khg\system\d3d10drv.pdb
d:\microprose\khg\system\d3d10drv.dll
d:\microprose\khg\system\d3d10drv.ilk
d:\projekty\khg-d3d10drv\d3d10drv\khg debug\d3d10drv.tlog\cl.command.1.tlog
d:\projekty\khg-d3d10drv\d3d10drv\khg debug\d3d10drv.tlog\cl.read.1.tlog
d:\projekty\khg-d3d10drv\d3d10drv\khg debug\d3d10drv.tlog\cl.write.1.tlog
